2022-03-20T18:18:55+00:00 MSI#00 I: Runner: sequential
2022-03-20T18:18:55+00:00 MSI#00 I: Chooser: simple
2022-03-20T18:18:55+00:00 MSI#00 I: Configuration suite_name = "suite"
2022-03-20T18:18:55+00:00 MSI#00 I: Configuration cache_filename = "C:\\OCaml64\\home\\Phillip\\Lexer and Parser\\_build\\oUnit-$(suite_name).cache"
2022-03-20T18:18:55+00:00 MSI#00 I: Configuration run_gc_full_major = "true"
2022-03-20T18:18:55+00:00 MSI#00 I: Configuration display = "true"
2022-03-20T18:18:55+00:00 MSI#00 I: Configuration results_style_1_X = "false"
2022-03-20T18:18:55+00:00 MSI#00 I: Configuration testdata_dir = "none"
2022-03-20T18:18:55+00:00 MSI#00 I: Configuration health_check_interval = "1."
2022-03-20T18:18:55+00:00 MSI#00 I: Configuration verbose = "false"
2022-03-20T18:18:55+00:00 MSI#00 I: Configuration chooser = "simple"
2022-03-20T18:18:55+00:00 MSI#00 I: Configuration output_html_dir = "none"
2022-03-20T18:18:55+00:00 MSI#00 I: Configuration processes_kill_period = "5."
2022-03-20T18:18:55+00:00 MSI#00 I: Configuration runner = "sequential"
2022-03-20T18:18:55+00:00 MSI#00 I: Configuration shards = "2"
2022-03-20T18:18:55+00:00 MSI#00 I: Configuration processes_grace_period = "5."
2022-03-20T18:18:55+00:00 MSI#00 I: Configuration log_encoding = "utf-8"
2022-03-20T18:18:55+00:00 MSI#00 I: Configuration output_junit_file = "none"
2022-03-20T18:18:55+00:00 MSI#00 I: Configuration ci = "false"
2022-03-20T18:18:55+00:00 MSI#00 I: Configuration output_file = "C:\\OCaml64\\home\\Phillip\\Lexer and Parser\\_build\\oUnit-$(suite_name)-$(shard_id).log"
2022-03-20T18:18:55+00:00 MSI#00 I: Start test suite:0:int.
2022-03-20T18:18:55+00:00 MSI#00 I: Test suite:0:int is successful.
2022-03-20T18:18:55+00:00 MSI#00 I: End test suite:0:int.
2022-03-20T18:18:55+00:00 MSI#00 I: Start test suite:1:subtract.
2022-03-20T18:18:55+00:00 MSI#00 I: Test suite:1:subtract is successful.
2022-03-20T18:18:55+00:00 MSI#00 I: End test suite:1:subtract.
2022-03-20T18:18:55+00:00 MSI#00 I: Start test suite:2:let.
2022-03-20T18:18:55+00:00 MSI#00 I: Test suite:2:let is successful.
2022-03-20T18:18:55+00:00 MSI#00 I: End test suite:2:let.
2022-03-20T18:18:55+00:00 MSI#00 I: Start test suite:3:if.
2022-03-20T18:18:55+00:00 MSI#00 I: Test suite:3:if is successful.
2022-03-20T18:18:55+00:00 MSI#00 I: End test suite:3:if.
2022-03-20T18:18:55+00:00 MSI#00 I: Start test suite:4:full procedure program.
2022-03-20T18:18:55+00:00 MSI#00 I: Test suite:4:full procedure program is successful.
2022-03-20T18:18:55+00:00 MSI#00 I: End test suite:4:full procedure program.
2022-03-20T18:18:55+00:00 MSI#00 I: Start test suite:5:letrec example from pg 82 & figure 3.10.
2022-03-20T18:18:55+00:00 MSI#00 I: Test suite:5:letrec example from pg 82 & figure 3.10 is successful.
2022-03-20T18:18:55+00:00 MSI#00 I: End test suite:5:letrec example from pg 82 & figure 3.10.
2022-03-20T18:18:55+00:00 MSI#00 I: ==============
2022-03-20T18:18:55+00:00 MSI#00 I: Summary:
2022-03-20T18:18:55+00:00 MSI#00 I: Test suite:5:letrec example from pg 82 & figure 3.10 is successful.
2022-03-20T18:18:55+00:00 MSI#00 I: Test suite:4:full procedure program is successful.
2022-03-20T18:18:55+00:00 MSI#00 I: Test suite:3:if is successful.
2022-03-20T18:18:55+00:00 MSI#00 I: Test suite:2:let is successful.
2022-03-20T18:18:55+00:00 MSI#00 I: Test suite:1:subtract is successful.
2022-03-20T18:18:55+00:00 MSI#00 I: Test suite:0:int is successful.
2022-03-20T18:18:55+00:00 MSI#00 I: Ran: 6 tests in: 0.00 seconds.
2022-03-20T18:18:55+00:00 MSI#00 I: Cases: 6.
2022-03-20T18:18:55+00:00 MSI#00 I: Tried: 6.
2022-03-20T18:18:55+00:00 MSI#00 I: Errors: 0.
2022-03-20T18:18:55+00:00 MSI#00 I: Failures: 0.
2022-03-20T18:18:55+00:00 MSI#00 I: Skip: 0.
2022-03-20T18:18:55+00:00 MSI#00 I: Todo: 0.
2022-03-20T18:18:55+00:00 MSI#00 I: Timeout: 0.
