2022-04-11T04:41:05+00:00 MSI#00 I: Runner: processes
2022-04-11T04:41:05+00:00 MSI#00 I: Chooser: simple
2022-04-11T04:41:05+00:00 MSI#00 I: Configuration suite_name = "suite"
2022-04-11T04:41:05+00:00 MSI#00 I: Configuration cache_filename = "/home/phillip/Lexer and Parser Merged/_build/oUnit-$(suite_name).cache"
2022-04-11T04:41:05+00:00 MSI#00 I: Configuration run_gc_full_major = "true"
2022-04-11T04:41:05+00:00 MSI#00 I: Configuration display = "true"
2022-04-11T04:41:05+00:00 MSI#00 I: Configuration results_style_1_X = "false"
2022-04-11T04:41:05+00:00 MSI#00 I: Configuration testdata_dir = "none"
2022-04-11T04:41:05+00:00 MSI#00 I: Configuration health_check_interval = "1."
2022-04-11T04:41:05+00:00 MSI#00 I: Configuration verbose = "false"
2022-04-11T04:41:05+00:00 MSI#00 I: Configuration chooser = "simple"
2022-04-11T04:41:05+00:00 MSI#00 I: Configuration output_html_dir = "none"
2022-04-11T04:41:05+00:00 MSI#00 I: Configuration processes_kill_period = "5."
2022-04-11T04:41:05+00:00 MSI#00 I: Configuration runner = "processes"
2022-04-11T04:41:05+00:00 MSI#00 I: Configuration shards = "4"
2022-04-11T04:41:05+00:00 MSI#00 I: Configuration processes_grace_period = "5."
2022-04-11T04:41:05+00:00 MSI#00 I: Configuration log_encoding = "utf-8"
2022-04-11T04:41:05+00:00 MSI#00 I: Configuration output_junit_file = "none"
2022-04-11T04:41:05+00:00 MSI#00 I: Configuration ci = "false"
2022-04-11T04:41:05+00:00 MSI#00 I: Configuration output_file = "/home/phillip/Lexer and Parser Merged/_build/oUnit-$(suite_name)-$(shard_id).log"
2022-04-11T04:41:05+00:00 MSI#00 I: Using 4 workers maximum.
2022-04-11T04:41:05+00:00 MSI#00 I: Starting worker number MSI#01.
2022-04-11T04:41:05+00:00 MSI#00 I: Worker MSI#01 started.
2022-04-11T04:41:05+00:00 MSI#00 I: Starting worker number MSI#02.
2022-04-11T04:41:05+00:00 MSI#00 I: Worker MSI#02 started.
2022-04-11T04:41:05+00:00 MSI#00 I: Starting worker number MSI#03.
2022-04-11T04:41:05+00:00 MSI#00 I: Worker MSI#03 started.
2022-04-11T04:41:05+00:00 MSI#00 I: Starting worker number MSI#04.
2022-04-11T04:41:05+00:00 MSI#00 I: Worker MSI#04 started.
2022-04-11T04:41:05+00:00 MSI#00 I: 4 tests running: suite:3:if, suite:2:let, suite:1:subtract, suite:0:int.
2022-04-11T04:41:05+00:00 MSI#01 I: Start test suite:0:int.
2022-04-11T04:41:05+00:00 MSI#02 I: Start test suite:1:subtract.
2022-04-11T04:41:05+00:00 MSI#03 I: Start test suite:2:let.
2022-04-11T04:41:05+00:00 MSI#00 I: 4 tests running: suite:3:if, suite:2:let, suite:1:subtract, suite:0:int.
2022-04-11T04:41:05+00:00 MSI#01 E: Test suite:0:int exited with an error.
2022-04-11T04:41:05+00:00 MSI#01 E: Interp.Parser.MenhirBasics.Error in test suite:0:int.
2022-04-11T04:41:05+00:00 MSI#01 E: Raised at file "src/parser.ml" (inlined), line 8, characters 6-17
2022-04-11T04:41:05+00:00 MSI#01 E: Called from file "src/parser.ml", line 3339, characters 10-17
2022-04-11T04:41:05+00:00 MSI#01 E: Called from file "src/main.ml", line 27, characters 1-11
2022-04-11T04:41:05+00:00 MSI#01 E: Called from file "test/main.ml", line 8, characters 47-57
2022-04-11T04:41:05+00:00 MSI#01 E: Called from file "src/lib/ounit2/advanced/oUnitRunner.ml", line 83, characters 13-26
2022-04-11T04:41:05+00:00 MSI#01 E: 
2022-04-11T04:41:05+00:00 MSI#02 E: Test suite:1:subtract exited with an error.
2022-04-11T04:41:05+00:00 MSI#02 E: Interp.Parser.MenhirBasics.Error in test suite:1:subtract.
2022-04-11T04:41:05+00:00 MSI#02 E: Raised at file "src/parser.ml" (inlined), line 8, characters 6-17
2022-04-11T04:41:05+00:00 MSI#02 E: Called from file "src/parser.ml", line 3339, characters 10-17
2022-04-11T04:41:05+00:00 MSI#02 E: Called from file "src/main.ml", line 27, characters 1-11
2022-04-11T04:41:05+00:00 MSI#02 E: Called from file "test/main.ml", line 8, characters 47-57
2022-04-11T04:41:05+00:00 MSI#02 E: Called from file "src/lib/ounit2/advanced/oUnitRunner.ml", line 83, characters 13-26
2022-04-11T04:41:05+00:00 MSI#02 E: 
2022-04-11T04:41:05+00:00 MSI#03 E: Test suite:2:let exited with an error.
2022-04-11T04:41:05+00:00 MSI#03 E: Interp.Parser.MenhirBasics.Error in test suite:2:let.
2022-04-11T04:41:05+00:00 MSI#03 E: Raised at file "src/parser.ml" (inlined), line 8, characters 6-17
2022-04-11T04:41:05+00:00 MSI#03 E: Called from file "src/parser.ml", line 3339, characters 10-17
2022-04-11T04:41:05+00:00 MSI#03 E: Called from file "src/main.ml", line 27, characters 1-11
2022-04-11T04:41:05+00:00 MSI#03 E: Called from file "test/main.ml", line 8, characters 47-57
2022-04-11T04:41:05+00:00 MSI#03 E: Called from file "src/lib/ounit2/advanced/oUnitRunner.ml", line 83, characters 13-26
2022-04-11T04:41:05+00:00 MSI#03 E: 
2022-04-11T04:41:05+00:00 MSI#00 I: 4 tests running: suite:3:if, suite:2:let, suite:1:subtract, suite:0:int.
2022-04-11T04:41:05+00:00 MSI#01 I: End test suite:0:int.
2022-04-11T04:41:05+00:00 MSI#02 I: End test suite:1:subtract.
2022-04-11T04:41:05+00:00 MSI#03 I: End test suite:2:let.
2022-04-11T04:41:05+00:00 MSI#04 I: Start test suite:3:if.
2022-04-11T04:41:05+00:00 MSI#00 I: 4 tests running: suite:3:if, suite:2:let, suite:1:subtract, suite:0:int.
2022-04-11T04:41:05+00:00 MSI#04 E: Test suite:3:if exited with an error.
2022-04-11T04:41:05+00:00 MSI#04 E: Interp.Parser.MenhirBasics.Error in test suite:3:if.
2022-04-11T04:41:05+00:00 MSI#04 E: Raised at file "src/parser.ml" (inlined), line 8, characters 6-17
2022-04-11T04:41:05+00:00 MSI#04 E: Called from file "src/parser.ml", line 3339, characters 10-17
2022-04-11T04:41:05+00:00 MSI#04 E: Called from file "src/main.ml", line 27, characters 1-11
2022-04-11T04:41:05+00:00 MSI#04 E: Called from file "test/main.ml", line 8, characters 47-57
2022-04-11T04:41:05+00:00 MSI#04 E: Called from file "src/lib/ounit2/advanced/oUnitRunner.ml", line 83, characters 13-26
2022-04-11T04:41:05+00:00 MSI#04 E: 
2022-04-11T04:41:05+00:00 MSI#00 I: Still 3 tests running : suite:5:letrec example from pg 82 & figure 3.10, suite:4:full procedure program, suite:3:if.
2022-04-11T04:41:05+00:00 MSI#00 I: 3 tests running: suite:5:letrec example from pg 82 & figure 3.10, suite:4:full procedure program, suite:3:if.
2022-04-11T04:41:05+00:00 MSI#04 I: End test suite:3:if.
2022-04-11T04:41:05+00:00 MSI#03 I: Start test suite:4:full procedure program.
2022-04-11T04:41:05+00:00 MSI#02 I: Start test suite:5:letrec example from pg 82 & figure 3.10.
2022-04-11T04:41:05+00:00 MSI#00 I: Still 3 tests running : suite:5:letrec example from pg 82 & figure 3.10, suite:4:full procedure program, suite:3:if.
2022-04-11T04:41:05+00:00 MSI#00 I: 3 tests running: suite:5:letrec example from pg 82 & figure 3.10, suite:4:full procedure program, suite:3:if.
2022-04-11T04:41:05+00:00 MSI#03 E: Test suite:4:full procedure program exited with an error.
2022-04-11T04:41:05+00:00 MSI#03 E: Interp.Parser.MenhirBasics.Error in test suite:4:full procedure program.
2022-04-11T04:41:05+00:00 MSI#03 E: Raised at file "src/parser.ml" (inlined), line 8, characters 6-17
2022-04-11T04:41:05+00:00 MSI#03 E: Called from file "src/parser.ml", line 3339, characters 10-17
2022-04-11T04:41:05+00:00 MSI#03 E: Called from file "src/main.ml", line 27, characters 1-11
2022-04-11T04:41:05+00:00 MSI#03 E: Called from file "test/main.ml", line 8, characters 47-57
2022-04-11T04:41:05+00:00 MSI#03 E: Called from file "src/lib/ounit2/advanced/oUnitRunner.ml", line 83, characters 13-26
2022-04-11T04:41:05+00:00 MSI#03 E: 
2022-04-11T04:41:05+00:00 MSI#02 E: Test suite:5:letrec example from pg 82 & figure 3.10 exited with an error.
2022-04-11T04:41:05+00:00 MSI#02 E: Interp.Parser.MenhirBasics.Error in test suite:5:letrec example from pg 82 & figure 3.10.
2022-04-11T04:41:05+00:00 MSI#02 E: Raised at file "src/parser.ml" (inlined), line 8, characters 6-17
2022-04-11T04:41:05+00:00 MSI#02 E: Called from file "src/parser.ml", line 3339, characters 10-17
2022-04-11T04:41:05+00:00 MSI#02 E: Called from file "src/main.ml", line 27, characters 1-11
2022-04-11T04:41:05+00:00 MSI#02 E: Called from file "test/main.ml", line 8, characters 47-57
2022-04-11T04:41:05+00:00 MSI#02 E: Called from file "src/lib/ounit2/advanced/oUnitRunner.ml", line 83, characters 13-26
2022-04-11T04:41:05+00:00 MSI#02 E: 
2022-04-11T04:41:05+00:00 MSI#00 I: Still 2 tests running : suite:5:letrec example from pg 82 & figure 3.10, suite:4:full procedure program.
2022-04-11T04:41:05+00:00 MSI#00 I: 2 tests running: suite:5:letrec example from pg 82 & figure 3.10, suite:4:full procedure program.
2022-04-11T04:41:05+00:00 MSI#03 I: End test suite:4:full procedure program.
2022-04-11T04:41:05+00:00 MSI#02 I: End test suite:5:letrec example from pg 82 & figure 3.10.
2022-04-11T04:41:05+00:00 MSI#00 I: Still 2 tests running : suite:5:letrec example from pg 82 & figure 3.10, suite:4:full procedure program.
2022-04-11T04:41:05+00:00 MSI#00 I: 2 tests running: suite:5:letrec example from pg 82 & figure 3.10, suite:4:full procedure program.
2022-04-11T04:41:05+00:00 MSI#00 I: 0 tests running: .
2022-04-11T04:41:05+00:00 MSI#00 I: Worker MSI#01 has ended.
2022-04-11T04:41:05+00:00 MSI#00 I: Worker MSI#04 has ended.
2022-04-11T04:41:05+00:00 MSI#00 I: Worker MSI#03 has ended.
2022-04-11T04:41:05+00:00 MSI#00 I: Worker MSI#02 has ended.
2022-04-11T04:41:05+00:00 MSI#00 I: Used 4 worker during test execution.
2022-04-11T04:41:05+00:00 MSI#00 I: Run 2 tests with shard MSI#02.
2022-04-11T04:41:05+00:00 MSI#00 I: Run 1 tests with shard MSI#01.
2022-04-11T04:41:05+00:00 MSI#00 I: Run 2 tests with shard MSI#03.
2022-04-11T04:41:05+00:00 MSI#00 I: Run 1 tests with shard MSI#04.
2022-04-11T04:41:05+00:00 MSI#00 I: Check health of shard MSI#02, 1 times.
2022-04-11T04:41:05+00:00 MSI#00 I: Check health of shard MSI#01, 5 times.
2022-04-11T04:41:05+00:00 MSI#00 I: Check health of shard MSI#03, 1 times.
2022-04-11T04:41:05+00:00 MSI#00 I: Check health of shard MSI#04, 3 times.
2022-04-11T04:41:05+00:00 MSI#00 I: ==============
2022-04-11T04:41:05+00:00 MSI#00 I: Summary:
2022-04-11T04:41:05+00:00 MSI#00 E: Test suite:5:letrec example from pg 82 & figure 3.10 exited with an error.
2022-04-11T04:41:05+00:00 MSI#00 E: Interp.Parser.MenhirBasics.Error in test suite:5:letrec example from pg 82 & figure 3.10.
2022-04-11T04:41:05+00:00 MSI#00 E: Raised at file "src/parser.ml" (inlined), line 8, characters 6-17
2022-04-11T04:41:05+00:00 MSI#00 E: Called from file "src/parser.ml", line 3339, characters 10-17
2022-04-11T04:41:05+00:00 MSI#00 E: Called from file "src/main.ml", line 27, characters 1-11
2022-04-11T04:41:05+00:00 MSI#00 E: Called from file "test/main.ml", line 8, characters 47-57
2022-04-11T04:41:05+00:00 MSI#00 E: Called from file "src/lib/ounit2/advanced/oUnitRunner.ml", line 83, characters 13-26
2022-04-11T04:41:05+00:00 MSI#00 E: 
2022-04-11T04:41:05+00:00 MSI#00 E: Test suite:4:full procedure program exited with an error.
2022-04-11T04:41:05+00:00 MSI#00 E: Interp.Parser.MenhirBasics.Error in test suite:4:full procedure program.
2022-04-11T04:41:05+00:00 MSI#00 E: Raised at file "src/parser.ml" (inlined), line 8, characters 6-17
2022-04-11T04:41:05+00:00 MSI#00 E: Called from file "src/parser.ml", line 3339, characters 10-17
2022-04-11T04:41:05+00:00 MSI#00 E: Called from file "src/main.ml", line 27, characters 1-11
2022-04-11T04:41:05+00:00 MSI#00 E: Called from file "test/main.ml", line 8, characters 47-57
2022-04-11T04:41:05+00:00 MSI#00 E: Called from file "src/lib/ounit2/advanced/oUnitRunner.ml", line 83, characters 13-26
2022-04-11T04:41:05+00:00 MSI#00 E: 
2022-04-11T04:41:05+00:00 MSI#00 E: Test suite:3:if exited with an error.
2022-04-11T04:41:05+00:00 MSI#00 E: Interp.Parser.MenhirBasics.Error in test suite:3:if.
2022-04-11T04:41:05+00:00 MSI#00 E: Raised at file "src/parser.ml" (inlined), line 8, characters 6-17
2022-04-11T04:41:05+00:00 MSI#00 E: Called from file "src/parser.ml", line 3339, characters 10-17
2022-04-11T04:41:05+00:00 MSI#00 E: Called from file "src/main.ml", line 27, characters 1-11
2022-04-11T04:41:05+00:00 MSI#00 E: Called from file "test/main.ml", line 8, characters 47-57
2022-04-11T04:41:05+00:00 MSI#00 E: Called from file "src/lib/ounit2/advanced/oUnitRunner.ml", line 83, characters 13-26
2022-04-11T04:41:05+00:00 MSI#00 E: 
2022-04-11T04:41:05+00:00 MSI#00 E: Test suite:2:let exited with an error.
2022-04-11T04:41:05+00:00 MSI#00 E: Interp.Parser.MenhirBasics.Error in test suite:2:let.
2022-04-11T04:41:05+00:00 MSI#00 E: Raised at file "src/parser.ml" (inlined), line 8, characters 6-17
2022-04-11T04:41:05+00:00 MSI#00 E: Called from file "src/parser.ml", line 3339, characters 10-17
2022-04-11T04:41:05+00:00 MSI#00 E: Called from file "src/main.ml", line 27, characters 1-11
2022-04-11T04:41:05+00:00 MSI#00 E: Called from file "test/main.ml", line 8, characters 47-57
2022-04-11T04:41:05+00:00 MSI#00 E: Called from file "src/lib/ounit2/advanced/oUnitRunner.ml", line 83, characters 13-26
2022-04-11T04:41:05+00:00 MSI#00 E: 
2022-04-11T04:41:05+00:00 MSI#00 E: Test suite:1:subtract exited with an error.
2022-04-11T04:41:05+00:00 MSI#00 E: Interp.Parser.MenhirBasics.Error in test suite:1:subtract.
2022-04-11T04:41:05+00:00 MSI#00 E: Raised at file "src/parser.ml" (inlined), line 8, characters 6-17
2022-04-11T04:41:05+00:00 MSI#00 E: Called from file "src/parser.ml", line 3339, characters 10-17
2022-04-11T04:41:05+00:00 MSI#00 E: Called from file "src/main.ml", line 27, characters 1-11
2022-04-11T04:41:05+00:00 MSI#00 E: Called from file "test/main.ml", line 8, characters 47-57
2022-04-11T04:41:05+00:00 MSI#00 E: Called from file "src/lib/ounit2/advanced/oUnitRunner.ml", line 83, characters 13-26
2022-04-11T04:41:05+00:00 MSI#00 E: 
2022-04-11T04:41:05+00:00 MSI#00 E: Test suite:0:int exited with an error.
2022-04-11T04:41:05+00:00 MSI#00 E: Interp.Parser.MenhirBasics.Error in test suite:0:int.
2022-04-11T04:41:05+00:00 MSI#00 E: Raised at file "src/parser.ml" (inlined), line 8, characters 6-17
2022-04-11T04:41:05+00:00 MSI#00 E: Called from file "src/parser.ml", line 3339, characters 10-17
2022-04-11T04:41:05+00:00 MSI#00 E: Called from file "src/main.ml", line 27, characters 1-11
2022-04-11T04:41:05+00:00 MSI#00 E: Called from file "test/main.ml", line 8, characters 47-57
2022-04-11T04:41:05+00:00 MSI#00 E: Called from file "src/lib/ounit2/advanced/oUnitRunner.ml", line 83, characters 13-26
2022-04-11T04:41:05+00:00 MSI#00 E: 
2022-04-11T04:41:05+00:00 MSI#00 I: Ran: 6 tests in: 0.19 seconds.
2022-04-11T04:41:05+00:00 MSI#00 I: Cases: 6.
2022-04-11T04:41:05+00:00 MSI#00 I: Tried: 6.
2022-04-11T04:41:05+00:00 MSI#00 I: Errors: 6.
2022-04-11T04:41:05+00:00 MSI#00 I: Failures: 0.
2022-04-11T04:41:05+00:00 MSI#00 I: Skip: 0.
2022-04-11T04:41:05+00:00 MSI#00 I: Todo: 0.
2022-04-11T04:41:05+00:00 MSI#00 I: Timeout: 0.
